<?xml version="1.0" encoding="UTF-8"?>
<testsuite xmlns:xsi="http://www.w3.org/2001/XMLSchema-instance" xsi:noNamespaceSchemaLocation="https://maven.apache.org/surefire/maven-surefire-plugin/xsd/surefire-test-report.xsd" name="com.frontend.app.AppTest" time="0.13" tests="1" errors="0" skipped="0" failures="0">
  <properties>
    <property name="awt.toolkit" value="sun.awt.X11.XToolkit"/>
    <property name="file.encoding.pkg" value="sun.io"/>
    <property name="java.specification.version" value="1.8"/>
    <property name="sun.cpu.isalist" value=""/>
    <property name="sun.jnu.encoding" value="UTF-8"/>
    <property name="java.class.path" value="/mnt/c/Users/freee/OneDrive/Desktop/SibSUTIS/JavaCourseWork/target/test-classes:/mnt/c/Users/freee/OneDrive/Desktop/SibSUTIS/JavaCourseWork/target/classes:/home/freestyler/.m2/repository/junit/junit/4.11/junit-4.11.jar:/home/freestyler/.m2/repository/org/hamcrest/hamcrest-core/1.3/hamcrest-core-1.3.jar:/home/freestyler/.m2/repository/org/xerial/sqlite-jdbc/3.36.0.3/sqlite-jdbc-3.36.0.3.jar:/home/freestyler/.m2/repository/org/springframework/spring-core/5.3.20/spring-core-5.3.20.jar:/home/freestyler/.m2/repository/org/springframework/spring-jcl/5.3.20/spring-jcl-5.3.20.jar:/home/freestyler/.m2/repository/org/springframework/spring-beans/5.3.20/spring-beans-5.3.20.jar:/home/freestyler/.m2/repository/org/springframework/spring-context/5.3.20/spring-context-5.3.20.jar:/home/freestyler/.m2/repository/org/springframework/spring-aop/5.3.20/spring-aop-5.3.20.jar:/home/freestyler/.m2/repository/org/springframework/spring-expression/5.3.20/spring-expression-5.3.20.jar:/home/freestyler/.m2/repository/org/springframework/spring-jdbc/5.3.20/spring-jdbc-5.3.20.jar:/home/freestyler/.m2/repository/org/springframework/spring-tx/5.3.20/spring-tx-5.3.20.jar:/home/freestyler/.m2/repository/com/google/code/gson/gson/2.9.0/gson-2.9.0.jar:/home/freestyler/.m2/repository/org/springframework/spring-web/5.3.20/spring-web-5.3.20.jar:/home/freestyler/.m2/repository/org/springframework/spring-webmvc/5.3.20/spring-webmvc-5.3.20.jar:/home/freestyler/.m2/repository/javax/servlet/javax.servlet-api/4.0.1/javax.servlet-api-4.0.1.jar:/home/freestyler/.m2/repository/org/json/json/20220320/json-20220320.jar:/home/freestyler/.m2/repository/com/googlecode/json-simple/json-simple/1.1.1/json-simple-1.1.1.jar:"/>
    <property name="java.vm.vendor" value="Private Build"/>
    <property name="sun.arch.data.model" value="64"/>
    <property name="java.vendor.url" value="http://java.oracle.com/"/>
    <property name="user.timezone" value=""/>
    <property name="java.vm.specification.version" value="1.8"/>
    <property name="os.name" value="Linux"/>
    <property name="sun.java.launcher" value="SUN_STANDARD"/>
    <property name="sun.boot.library.path" value="/usr/lib/jvm/java-8-openjdk-amd64/jre/lib/amd64"/>
    <property name="sun.java.command" value="/mnt/c/Users/freee/OneDrive/Desktop/SibSUTIS/JavaCourseWork/target/surefire/surefirebooter1743849038687895689.jar /mnt/c/Users/freee/OneDrive/Desktop/SibSUTIS/JavaCourseWork/target/surefire 2022-05-20T16-42-29_260-jvmRun1 surefire7001213552151128682tmp surefire_01132883511917964607tmp"/>
    <property name="surefire.test.class.path" value="/mnt/c/Users/freee/OneDrive/Desktop/SibSUTIS/JavaCourseWork/target/test-classes:/mnt/c/Users/freee/OneDrive/Desktop/SibSUTIS/JavaCourseWork/target/classes:/home/freestyler/.m2/repository/junit/junit/4.11/junit-4.11.jar:/home/freestyler/.m2/repository/org/hamcrest/hamcrest-core/1.3/hamcrest-core-1.3.jar:/home/freestyler/.m2/repository/org/xerial/sqlite-jdbc/3.36.0.3/sqlite-jdbc-3.36.0.3.jar:/home/freestyler/.m2/repository/org/springframework/spring-core/5.3.20/spring-core-5.3.20.jar:/home/freestyler/.m2/repository/org/springframework/spring-jcl/5.3.20/spring-jcl-5.3.20.jar:/home/freestyler/.m2/repository/org/springframework/spring-beans/5.3.20/spring-beans-5.3.20.jar:/home/freestyler/.m2/repository/org/springframework/spring-context/5.3.20/spring-context-5.3.20.jar:/home/freestyler/.m2/repository/org/springframework/spring-aop/5.3.20/spring-aop-5.3.20.jar:/home/freestyler/.m2/repository/org/springframework/spring-expression/5.3.20/spring-expression-5.3.20.jar:/home/freestyler/.m2/repository/org/springframework/spring-jdbc/5.3.20/spring-jdbc-5.3.20.jar:/home/freestyler/.m2/repository/org/springframework/spring-tx/5.3.20/spring-tx-5.3.20.jar:/home/freestyler/.m2/repository/com/google/code/gson/gson/2.9.0/gson-2.9.0.jar:/home/freestyler/.m2/repository/org/springframework/spring-web/5.3.20/spring-web-5.3.20.jar:/home/freestyler/.m2/repository/org/springframework/spring-webmvc/5.3.20/spring-webmvc-5.3.20.jar:/home/freestyler/.m2/repository/javax/servlet/javax.servlet-api/4.0.1/javax.servlet-api-4.0.1.jar:/home/freestyler/.m2/repository/org/json/json/20220320/json-20220320.jar:/home/freestyler/.m2/repository/com/googlecode/json-simple/json-simple/1.1.1/json-simple-1.1.1.jar:"/>
    <property name="sun.cpu.endian" value="little"/>
    <property name="user.home" value="/home/freestyler"/>
    <property name="user.language" value="en"/>
    <property name="java.specification.vendor" value="Oracle Corporation"/>
    <property name="java.home" value="/usr/lib/jvm/java-8-openjdk-amd64/jre"/>
    <property name="basedir" value="/mnt/c/Users/freee/OneDrive/Desktop/SibSUTIS/JavaCourseWork"/>
    <property name="file.separator" value="/"/>
    <property name="line.separator" value="&#10;"/>
    <property name="java.vm.specification.vendor" value="Oracle Corporation"/>
    <property name="java.specification.name" value="Java Platform API Specification"/>
    <property name="java.awt.graphicsenv" value="sun.awt.X11GraphicsEnvironment"/>
    <property name="surefire.real.class.path" value="/mnt/c/Users/freee/OneDrive/Desktop/SibSUTIS/JavaCourseWork/target/surefire/surefirebooter1743849038687895689.jar"/>
    <property name="sun.boot.class.path" value="/usr/lib/jvm/java-8-openjdk-amd64/jre/lib/resources.jar:/usr/lib/jvm/java-8-openjdk-amd64/jre/lib/rt.jar:/usr/lib/jvm/java-8-openjdk-amd64/jre/lib/sunrsasign.jar:/usr/lib/jvm/java-8-openjdk-amd64/jre/lib/jsse.jar:/usr/lib/jvm/java-8-openjdk-amd64/jre/lib/jce.jar:/usr/lib/jvm/java-8-openjdk-amd64/jre/lib/charsets.jar:/usr/lib/jvm/java-8-openjdk-amd64/jre/lib/jfr.jar:/usr/lib/jvm/java-8-openjdk-amd64/jre/classes"/>
    <property name="sun.management.compiler" value="HotSpot 64-Bit Tiered Compilers"/>
    <property name="java.runtime.version" value="1.8.0_312-8u312-b07-0ubuntu1~20.04-b07"/>
    <property name="user.name" value="freestyler"/>
    <property name="path.separator" value=":"/>
    <property name="os.version" value="5.10.16.3-microsoft-standard-WSL2"/>
    <property name="java.endorsed.dirs" value="/usr/lib/jvm/java-8-openjdk-amd64/jre/lib/endorsed"/>
    <property name="java.runtime.name" value="OpenJDK Runtime Environment"/>
    <property name="file.encoding" value="UTF-8"/>
    <property name="java.vm.name" value="OpenJDK 64-Bit Server VM"/>
    <property name="localRepository" value="/home/freestyler/.m2/repository"/>
    <property name="java.vendor.url.bug" value="http://bugreport.sun.com/bugreport/"/>
    <property name="java.io.tmpdir" value="/tmp"/>
    <property name="java.version" value="1.8.0_312"/>
    <property name="user.dir" value="/mnt/c/Users/freee/OneDrive/Desktop/SibSUTIS/JavaCourseWork"/>
    <property name="os.arch" value="amd64"/>
    <property name="java.vm.specification.name" value="Java Virtual Machine Specification"/>
    <property name="java.awt.printerjob" value="sun.print.PSPrinterJob"/>
    <property name="sun.os.patch.level" value="unknown"/>
    <property name="java.library.path" value="/usr/java/packages/lib/amd64:/usr/lib/x86_64-linux-gnu/jni:/lib/x86_64-linux-gnu:/usr/lib/x86_64-linux-gnu:/usr/lib/jni:/lib:/usr/lib"/>
    <property name="java.vm.info" value="mixed mode"/>
    <property name="java.vendor" value="Private Build"/>
    <property name="java.vm.version" value="25.312-b07"/>
    <property name="java.ext.dirs" value="/usr/lib/jvm/java-8-openjdk-amd64/jre/lib/ext:/usr/java/packages/lib/ext"/>
    <property name="sun.io.unicode.encoding" value="UnicodeLittle"/>
    <property name="java.class.version" value="52.0"/>
  </properties>
  <testcase name="shouldAnswerWithTrue" classname="com.frontend.app.AppTest" time="0.003"/>
</testsuite>